<?xml version="1.0" encoding="UTF-8"?>
<!-- Generated by org.testng.reporters.JUnitReportReporter -->
<testsuite hostname="DESKTOP-88V4A8K" failures="0" tests="1" name="testRunner.TestRunner" time="0.089" errors="0" timestamp="2022-11-23T20:55:18 IST" skipped="0">
  <testcase classname="testRunner.TestRunner" name="runScenario" time="0.089"/>
  <system-out/>
</testsuite> <!-- testRunner.TestRunner -->
