<?xml version="1.0" encoding="UTF-8"?>
<!-- Generated by org.testng.reporters.JUnitReportReporter -->
<testsuite hostname="DESKTOP-88V4A8K" failures="0" tests="2" name="stepDefinitions.JacocoTesting" time="0.014" errors="0" timestamp="2022-11-23T21:00:16 IST" skipped="0">
  <testcase classname="stepDefinitions.JacocoTesting" name="test1" time="0.011"/>
  <system-out/>
  <testcase classname="stepDefinitions.JacocoTesting" name="test2" time="0.003"/>
  <system-out/>
</testsuite> <!-- stepDefinitions.JacocoTesting -->
